16:53:33.043 [main] DEBUG org.apache.poi.openxml4j.opc.PackageRelationshipCollection - Parsing relationship: /_rels/.rels
16:53:33.067 [main] DEBUG org.apache.poi.openxml4j.opc.PackageRelationshipCollection - Parsing relationship: /xl/_rels/workbook.xml.rels
16:53:33.067 [main] DEBUG org.apache.poi.openxml4j.opc.PackageRelationshipCollection - Parsing relationship: /xl/worksheets/_rels/sheet1.xml.rels
16:53:33.068 [main] DEBUG org.apache.poi.openxml4j.opc.PackageRelationshipCollection - Parsing relationship: /_rels/.rels
16:53:33.087 [main] DEBUG org.apache.poi.openxml4j.opc.PackageRelationshipCollection - Parsing relationship: /xl/_rels/workbook.xml.rels
16:53:33.088 [main] DEBUG org.apache.poi.openxml4j.opc.PackageRelationshipCollection - Parsing relationship: /xl/worksheets/_rels/sheet1.xml.rels
16:53:33.155 [main] DEBUG org.apache.poi.openxml4j.opc.PackageRelationshipCollection - Parsing relationship: /_rels/.rels
16:53:33.175 [main] DEBUG org.apache.poi.openxml4j.opc.PackageRelationshipCollection - Parsing relationship: /xl/_rels/workbook.xml.rels
16:53:33.176 [main] DEBUG org.apache.poi.openxml4j.opc.PackageRelationshipCollection - Parsing relationship: /xl/worksheets/_rels/sheet1.xml.rels
16:53:33.177 [main] DEBUG org.apache.poi.openxml4j.opc.PackageRelationshipCollection - Parsing relationship: /_rels/.rels
16:53:33.197 [main] DEBUG org.apache.poi.openxml4j.opc.PackageRelationshipCollection - Parsing relationship: /xl/_rels/workbook.xml.rels
16:53:33.199 [main] DEBUG org.apache.poi.openxml4j.opc.PackageRelationshipCollection - Parsing relationship: /xl/worksheets/_rels/sheet1.xml.rels
16:53:33.200 [main] DEBUG org.apache.poi.openxml4j.opc.PackageRelationshipCollection - Parsing relationship: /_rels/.rels
16:53:33.224 [main] DEBUG org.apache.poi.openxml4j.opc.PackageRelationshipCollection - Parsing relationship: /xl/_rels/workbook.xml.rels
16:53:33.225 [main] DEBUG org.apache.poi.openxml4j.opc.PackageRelationshipCollection - Parsing relationship: /xl/worksheets/_rels/sheet1.xml.rels
16:53:33.226 [main] DEBUG org.apache.poi.openxml4j.opc.PackageRelationshipCollection - Parsing relationship: /_rels/.rels
16:53:33.250 [main] INFO  api.Test.TC002_GorestTest - ****TC002_GorestTest - Started*****
16:53:33.250 [main] DEBUG api.Test.TC002_GorestTest - Application log - started
16:53:33.250 [main] INFO  api.Test.TC002_GorestTest - Create user
16:53:35.983 [main] INFO  api.Test.TC002_GorestTest - user created ==>7590696
16:53:35.984 [main] INFO  api.Test.TC002_GorestTest - get user
16:53:37.076 [main] INFO  api.Test.TC002_GorestTest - get user==>7590696
16:53:37.076 [main] INFO  api.Test.TC002_GorestTest - Delete user
16:53:38.589 [main] INFO  api.Test.TC002_GorestTest - User Deleted===>7590696
16:53:38.590 [main] DEBUG api.Test.TC002_GorestTest - Application log - ended
16:53:38.590 [main] INFO  api.Test.TC002_GorestTest - ****TC002_GorestTest - ended*****
16:53:38.591 [main] INFO  api.Test.TC002_GorestTest - ****TC002_GorestTest - Started*****
16:53:38.592 [main] DEBUG api.Test.TC002_GorestTest - Application log - started
16:53:38.592 [main] INFO  api.Test.TC002_GorestTest - Create user
16:53:39.965 [main] INFO  api.Test.TC002_GorestTest - user created ==>7590697
16:53:39.965 [main] INFO  api.Test.TC002_GorestTest - get user
16:53:41.383 [main] INFO  api.Test.TC002_GorestTest - get user==>7590697
16:53:41.383 [main] INFO  api.Test.TC002_GorestTest - Delete user
16:53:42.411 [main] INFO  api.Test.TC002_GorestTest - User Deleted===>7590697
16:53:42.411 [main] DEBUG api.Test.TC002_GorestTest - Application log - ended
16:53:42.411 [main] INFO  api.Test.TC002_GorestTest - ****TC002_GorestTest - ended*****
16:53:42.413 [main] INFO  api.Test.TC002_GorestTest - ****TC002_GorestTest - Started*****
16:53:42.413 [main] DEBUG api.Test.TC002_GorestTest - Application log - started
16:53:42.413 [main] INFO  api.Test.TC002_GorestTest - Create user
16:53:43.822 [main] INFO  api.Test.TC002_GorestTest - user created ==>7590698
16:53:43.822 [main] INFO  api.Test.TC002_GorestTest - get user
16:53:45.071 [main] INFO  api.Test.TC002_GorestTest - get user==>7590698
16:53:45.071 [main] INFO  api.Test.TC002_GorestTest - Delete user
16:53:46.399 [main] INFO  api.Test.TC002_GorestTest - User Deleted===>7590698
16:53:46.399 [main] DEBUG api.Test.TC002_GorestTest - Application log - ended
16:53:46.399 [main] INFO  api.Test.TC002_GorestTest - ****TC002_GorestTest - ended*****
